[2025/02/02 16:32:30]
查询的IP：43.136.27.185
归属地为: 中国, 广东, 广州市
时区: Asia/Shanghai
经度: 113.2539	纬度: 23.1181
互联网服务提供商: Shenzhen Tencent Computer Systems Company Limited
谷歌地图:  https://www.google.com/maps/place/23.1181+113.2539

[2025/02/02 16:32:30]
查询的IP：52.184.81.18
归属地为: 香港, Central and Western District, 香港
时区: Asia/Hong_Kong
经度: 114.188	纬度: 22.267
互联网服务提供商: Microsoft Corporation
谷歌地图:  https://www.google.com/maps/place/22.267+114.188

[2025/02/02 16:32:31]
查询的IP：43.130.227.143
归属地为: 日本, Tokyo, 東京都
时区: Asia/Tokyo
经度: 139.6503	纬度: 35.6761
互联网服务提供商: Shenzhen Tencent Computer Systems Company Limited
谷歌地图:  https://www.google.com/maps/place/35.6761+139.6503

[2025/02/02 16:32:32]
查询的IP：150.109.70.113
归属地为: 香港, 中西區, 香港
时区: Asia/Hong_Kong
经度: 114.1693	纬度: 22.3193
互联网服务提供商: Aceville Pte.ltd
谷歌地图:  https://www.google.com/maps/place/22.3193+114.1693

